0 info it worked if it ends with ok
1 verbose cli [ '/home/fernando/.nvm/v0.10.36/bin/node',
1 verbose cli   '/home/fernando/.nvm/v0.10.36/bin/npm',
1 verbose cli   'install' ]
2 info using npm@1.4.28
3 info using node@v0.10.36
4 verbose readDependencies using package.json deps
5 verbose install where, deps [ '/home/fernando/Documentos/Projetos/Web/lineman-angular-typescript',
5 verbose install   [ 'coffee-script',
5 verbose install     'jasmine-given',
5 verbose install     'lineman',
5 verbose install     'lineman-angular',
5 verbose install     'lineman-typescript',
5 verbose install     'lineman-less',
5 verbose install     'protractor' ] ]
6 info preinstall lineman-angular-typescript-template@0.0.1
7 verbose readDependencies using package.json deps
8 verbose cache add [ 'lineman-angular@^0.3.0', null ]
9 verbose cache add name=undefined spec="lineman-angular@^0.3.0" args=["lineman-angular@^0.3.0",null]
10 verbose parsed url { protocol: null,
10 verbose parsed url   slashes: null,
10 verbose parsed url   auth: null,
10 verbose parsed url   host: null,
10 verbose parsed url   port: null,
10 verbose parsed url   hostname: null,
10 verbose parsed url   hash: null,
10 verbose parsed url   search: null,
10 verbose parsed url   query: null,
10 verbose parsed url   pathname: 'lineman-angular@^0.3.0',
10 verbose parsed url   path: 'lineman-angular@^0.3.0',
10 verbose parsed url   href: 'lineman-angular@^0.3.0' }
11 verbose cache add [ 'lineman-typescript@^0.0.3', null ]
12 verbose cache add name=undefined spec="lineman-typescript@^0.0.3" args=["lineman-typescript@^0.0.3",null]
13 verbose parsed url { protocol: null,
13 verbose parsed url   slashes: null,
13 verbose parsed url   auth: null,
13 verbose parsed url   host: null,
13 verbose parsed url   port: null,
13 verbose parsed url   hostname: null,
13 verbose parsed url   hash: null,
13 verbose parsed url   search: null,
13 verbose parsed url   query: null,
13 verbose parsed url   pathname: 'lineman-typescript@^0.0.3',
13 verbose parsed url   path: 'lineman-typescript@^0.0.3',
13 verbose parsed url   href: 'lineman-typescript@^0.0.3' }
14 verbose cache add [ 'lineman-less@0.0.1', null ]
15 verbose cache add name=undefined spec="lineman-less@0.0.1" args=["lineman-less@0.0.1",null]
16 verbose parsed url { protocol: null,
16 verbose parsed url   slashes: null,
16 verbose parsed url   auth: null,
16 verbose parsed url   host: null,
16 verbose parsed url   port: null,
16 verbose parsed url   hostname: null,
16 verbose parsed url   hash: null,
16 verbose parsed url   search: null,
16 verbose parsed url   query: null,
16 verbose parsed url   pathname: 'lineman-less@0.0.1',
16 verbose parsed url   path: 'lineman-less@0.0.1',
16 verbose parsed url   href: 'lineman-less@0.0.1' }
17 verbose cache add [ 'protractor@^1.4.0', null ]
18 verbose cache add name=undefined spec="protractor@^1.4.0" args=["protractor@^1.4.0",null]
19 verbose parsed url { protocol: null,
19 verbose parsed url   slashes: null,
19 verbose parsed url   auth: null,
19 verbose parsed url   host: null,
19 verbose parsed url   port: null,
19 verbose parsed url   hostname: null,
19 verbose parsed url   hash: null,
19 verbose parsed url   search: null,
19 verbose parsed url   query: null,
19 verbose parsed url   pathname: 'protractor@^1.4.0',
19 verbose parsed url   path: 'protractor@^1.4.0',
19 verbose parsed url   href: 'protractor@^1.4.0' }
20 verbose cache add [ 'coffee-script@^1.6.3', null ]
21 verbose cache add name=undefined spec="coffee-script@^1.6.3" args=["coffee-script@^1.6.3",null]
22 verbose parsed url { protocol: null,
22 verbose parsed url   slashes: null,
22 verbose parsed url   auth: null,
22 verbose parsed url   host: null,
22 verbose parsed url   port: null,
22 verbose parsed url   hostname: null,
22 verbose parsed url   hash: null,
22 verbose parsed url   search: null,
22 verbose parsed url   query: null,
22 verbose parsed url   pathname: 'coffee-script@^1.6.3',
22 verbose parsed url   path: 'coffee-script@^1.6.3',
22 verbose parsed url   href: 'coffee-script@^1.6.3' }
23 verbose cache add [ 'jasmine-given@^2.6.2', null ]
24 verbose cache add name=undefined spec="jasmine-given@^2.6.2" args=["jasmine-given@^2.6.2",null]
25 verbose parsed url { protocol: null,
25 verbose parsed url   slashes: null,
25 verbose parsed url   auth: null,
25 verbose parsed url   host: null,
25 verbose parsed url   port: null,
25 verbose parsed url   hostname: null,
25 verbose parsed url   hash: null,
25 verbose parsed url   search: null,
25 verbose parsed url   query: null,
25 verbose parsed url   pathname: 'jasmine-given@^2.6.2',
25 verbose parsed url   path: 'jasmine-given@^2.6.2',
25 verbose parsed url   href: 'jasmine-given@^2.6.2' }
26 verbose cache add [ 'lineman@^0.34.0', null ]
27 verbose cache add name=undefined spec="lineman@^0.34.0" args=["lineman@^0.34.0",null]
28 verbose parsed url { protocol: null,
28 verbose parsed url   slashes: null,
28 verbose parsed url   auth: null,
28 verbose parsed url   host: null,
28 verbose parsed url   port: null,
28 verbose parsed url   hostname: null,
28 verbose parsed url   hash: null,
28 verbose parsed url   search: null,
28 verbose parsed url   query: null,
28 verbose parsed url   pathname: 'lineman@^0.34.0',
28 verbose parsed url   path: 'lineman@^0.34.0',
28 verbose parsed url   href: 'lineman@^0.34.0' }
29 verbose cache add name="lineman-angular" spec="^0.3.0" args=["lineman-angular","^0.3.0"]
30 verbose parsed url { protocol: null,
30 verbose parsed url   slashes: null,
30 verbose parsed url   auth: null,
30 verbose parsed url   host: null,
30 verbose parsed url   port: null,
30 verbose parsed url   hostname: null,
30 verbose parsed url   hash: null,
30 verbose parsed url   search: null,
30 verbose parsed url   query: null,
30 verbose parsed url   pathname: '^0.3.0',
30 verbose parsed url   path: '^0.3.0',
30 verbose parsed url   href: '^0.3.0' }
31 verbose addNamed [ 'lineman-angular', '^0.3.0' ]
32 verbose addNamed [ null, '>=0.3.0-0 <0.4.0-0' ]
33 verbose cache add name="lineman-typescript" spec="^0.0.3" args=["lineman-typescript","^0.0.3"]
34 verbose parsed url { protocol: null,
34 verbose parsed url   slashes: null,
34 verbose parsed url   auth: null,
34 verbose parsed url   host: null,
34 verbose parsed url   port: null,
34 verbose parsed url   hostname: null,
34 verbose parsed url   hash: null,
34 verbose parsed url   search: null,
34 verbose parsed url   query: null,
34 verbose parsed url   pathname: '^0.0.3',
34 verbose parsed url   path: '^0.0.3',
34 verbose parsed url   href: '^0.0.3' }
35 verbose addNamed [ 'lineman-typescript', '^0.0.3' ]
36 verbose addNamed [ null, '=0.0.3' ]
37 verbose cache add name="lineman-less" spec="0.0.1" args=["lineman-less","0.0.1"]
38 verbose parsed url { protocol: null,
38 verbose parsed url   slashes: null,
38 verbose parsed url   auth: null,
38 verbose parsed url   host: null,
38 verbose parsed url   port: null,
38 verbose parsed url   hostname: null,
38 verbose parsed url   hash: null,
38 verbose parsed url   search: null,
38 verbose parsed url   query: null,
38 verbose parsed url   pathname: '0.0.1',
38 verbose parsed url   path: '0.0.1',
38 verbose parsed url   href: '0.0.1' }
39 verbose addNamed [ 'lineman-less', '0.0.1' ]
40 verbose addNamed [ '0.0.1', '0.0.1' ]
41 verbose cache add name="protractor" spec="^1.4.0" args=["protractor","^1.4.0"]
42 verbose parsed url { protocol: null,
42 verbose parsed url   slashes: null,
42 verbose parsed url   auth: null,
42 verbose parsed url   host: null,
42 verbose parsed url   port: null,
42 verbose parsed url   hostname: null,
42 verbose parsed url   hash: null,
42 verbose parsed url   search: null,
42 verbose parsed url   query: null,
42 verbose parsed url   pathname: '^1.4.0',
42 verbose parsed url   path: '^1.4.0',
42 verbose parsed url   href: '^1.4.0' }
43 verbose addNamed [ 'protractor', '^1.4.0' ]
44 verbose addNamed [ null, '>=1.4.0-0 <2.0.0-0' ]
45 verbose cache add name="coffee-script" spec="^1.6.3" args=["coffee-script","^1.6.3"]
46 verbose parsed url { protocol: null,
46 verbose parsed url   slashes: null,
46 verbose parsed url   auth: null,
46 verbose parsed url   host: null,
46 verbose parsed url   port: null,
46 verbose parsed url   hostname: null,
46 verbose parsed url   hash: null,
46 verbose parsed url   search: null,
46 verbose parsed url   query: null,
46 verbose parsed url   pathname: '^1.6.3',
46 verbose parsed url   path: '^1.6.3',
46 verbose parsed url   href: '^1.6.3' }
47 verbose addNamed [ 'coffee-script', '^1.6.3' ]
48 verbose addNamed [ null, '>=1.6.3-0 <2.0.0-0' ]
49 verbose cache add name="jasmine-given" spec="^2.6.2" args=["jasmine-given","^2.6.2"]
50 verbose parsed url { protocol: null,
50 verbose parsed url   slashes: null,
50 verbose parsed url   auth: null,
50 verbose parsed url   host: null,
50 verbose parsed url   port: null,
50 verbose parsed url   hostname: null,
50 verbose parsed url   hash: null,
50 verbose parsed url   search: null,
50 verbose parsed url   query: null,
50 verbose parsed url   pathname: '^2.6.2',
50 verbose parsed url   path: '^2.6.2',
50 verbose parsed url   href: '^2.6.2' }
51 verbose addNamed [ 'jasmine-given', '^2.6.2' ]
52 verbose addNamed [ null, '>=2.6.2-0 <3.0.0-0' ]
53 verbose cache add name="lineman" spec="^0.34.0" args=["lineman","^0.34.0"]
54 verbose parsed url { protocol: null,
54 verbose parsed url   slashes: null,
54 verbose parsed url   auth: null,
54 verbose parsed url   host: null,
54 verbose parsed url   port: null,
54 verbose parsed url   hostname: null,
54 verbose parsed url   hash: null,
54 verbose parsed url   search: null,
54 verbose parsed url   query: null,
54 verbose parsed url   pathname: '^0.34.0',
54 verbose parsed url   path: '^0.34.0',
54 verbose parsed url   href: '^0.34.0' }
55 verbose addNamed [ 'lineman', '^0.34.0' ]
56 verbose addNamed [ null, '>=0.34.0-0 <0.35.0-0' ]
57 silly lockFile 52e6a8b6-lineman-angular-0-3-0 lineman-angular@^0.3.0
58 verbose lock lineman-angular@^0.3.0 /home/fernando/.npm/52e6a8b6-lineman-angular-0-3-0.lock
59 silly lockFile 6a33a13a-lineman-typescript-0-0-3 lineman-typescript@^0.0.3
60 verbose lock lineman-typescript@^0.0.3 /home/fernando/.npm/6a33a13a-lineman-typescript-0-0-3.lock
61 silly lockFile 767efc48-lineman-less-0-0-1 lineman-less@0.0.1
62 verbose lock lineman-less@0.0.1 /home/fernando/.npm/767efc48-lineman-less-0-0-1.lock
63 silly lockFile b9e4fa07-protractor-1-4-0 protractor@^1.4.0
64 verbose lock protractor@^1.4.0 /home/fernando/.npm/b9e4fa07-protractor-1-4-0.lock
65 silly lockFile 6789f477-coffee-script-1-6-3 coffee-script@^1.6.3
66 verbose lock coffee-script@^1.6.3 /home/fernando/.npm/6789f477-coffee-script-1-6-3.lock
67 silly lockFile 626223c9-jasmine-given-2-6-2 jasmine-given@^2.6.2
68 verbose lock jasmine-given@^2.6.2 /home/fernando/.npm/626223c9-jasmine-given-2-6-2.lock
69 silly lockFile d061aa11-lineman-0-34-0 lineman@^0.34.0
70 verbose lock lineman@^0.34.0 /home/fernando/.npm/d061aa11-lineman-0-34-0.lock
71 silly addNameRange { name: 'lineman-angular',
71 silly addNameRange   range: '>=0.3.0-0 <0.4.0-0',
71 silly addNameRange   hasData: false }
72 silly addNameRange { name: 'lineman-typescript', range: '=0.0.3', hasData: false }
73 silly addNameRange { name: 'protractor',
73 silly addNameRange   range: '>=1.4.0-0 <2.0.0-0',
73 silly addNameRange   hasData: false }
74 silly addNameRange { name: 'coffee-script',
74 silly addNameRange   range: '>=1.6.3-0 <2.0.0-0',
74 silly addNameRange   hasData: false }
75 silly addNameRange { name: 'jasmine-given',
75 silly addNameRange   range: '>=2.6.2-0 <3.0.0-0',
75 silly addNameRange   hasData: false }
76 silly addNameRange { name: 'lineman',
76 silly addNameRange   range: '>=0.34.0-0 <0.35.0-0',
76 silly addNameRange   hasData: false }
77 verbose request where is /lineman-typescript
78 verbose request registry https://registry.npmjs.org/
79 verbose request id baa3572a2264ac23
80 verbose url raw /lineman-typescript
81 verbose url resolving [ 'https://registry.npmjs.org/', './lineman-typescript' ]
82 verbose url resolved https://registry.npmjs.org/lineman-typescript
83 verbose request where is https://registry.npmjs.org/lineman-typescript
84 info trying registry request attempt 1 at 21:23:07
85 http GET https://registry.npmjs.org/lineman-typescript
86 verbose request where is /coffee-script
87 verbose request registry https://registry.npmjs.org/
88 verbose url raw /coffee-script
89 verbose url resolving [ 'https://registry.npmjs.org/', './coffee-script' ]
90 verbose url resolved https://registry.npmjs.org/coffee-script
91 verbose request where is https://registry.npmjs.org/coffee-script
92 info trying registry request attempt 1 at 21:23:07
93 verbose etag "ABN6K2ADVBF2WJD2HWNP1P1T0"
94 http GET https://registry.npmjs.org/coffee-script
95 verbose request where is /lineman-angular
96 verbose request registry https://registry.npmjs.org/
97 verbose url raw /lineman-angular
98 verbose url resolving [ 'https://registry.npmjs.org/', './lineman-angular' ]
99 verbose url resolved https://registry.npmjs.org/lineman-angular
100 verbose request where is https://registry.npmjs.org/lineman-angular
101 info trying registry request attempt 1 at 21:23:07
102 verbose etag "B57ZJYWRPXMFJN7KNJMAM20VP"
103 http GET https://registry.npmjs.org/lineman-angular
104 verbose request where is /lineman-less
105 verbose request registry https://registry.npmjs.org/
106 verbose url raw /lineman-less
107 verbose url resolving [ 'https://registry.npmjs.org/', './lineman-less' ]
108 verbose url resolved https://registry.npmjs.org/lineman-less
109 verbose request where is https://registry.npmjs.org/lineman-less
110 info trying registry request attempt 1 at 21:23:07
111 verbose etag "E4FJZCA4MQGTI332P5R3PUX1H"
112 http GET https://registry.npmjs.org/lineman-less
113 info retry will retry, error on last attempt: Error: connect ECONNREFUSED
114 verbose request where is /protractor
115 verbose request registry https://registry.npmjs.org/
116 verbose url raw /protractor
117 verbose url resolving [ 'https://registry.npmjs.org/', './protractor' ]
118 verbose url resolved https://registry.npmjs.org/protractor
119 verbose request where is https://registry.npmjs.org/protractor
120 info trying registry request attempt 1 at 21:23:07
121 verbose etag "72596GEA2SGXG3ZWR7FORHCY5"
122 http GET https://registry.npmjs.org/protractor
123 verbose request where is /jasmine-given
124 verbose request registry https://registry.npmjs.org/
125 verbose url raw /jasmine-given
126 verbose url resolving [ 'https://registry.npmjs.org/', './jasmine-given' ]
127 verbose url resolved https://registry.npmjs.org/jasmine-given
128 verbose request where is https://registry.npmjs.org/jasmine-given
129 info trying registry request attempt 1 at 21:23:07
130 verbose etag "58PIQL7XZWJL5OEPKKWKVQS7Y"
131 http GET https://registry.npmjs.org/jasmine-given
132 verbose request where is /lineman
133 verbose request registry https://registry.npmjs.org/
134 verbose url raw /lineman
135 verbose url resolving [ 'https://registry.npmjs.org/', './lineman' ]
136 verbose url resolved https://registry.npmjs.org/lineman
137 verbose request where is https://registry.npmjs.org/lineman
138 info trying registry request attempt 1 at 21:23:07
139 verbose etag "9YY16V9KSS5X936M1ICUMB0WA"
140 http GET https://registry.npmjs.org/lineman
141 info retry will retry, error on last attempt: Error: connect ECONNREFUSED
142 info retry will retry, error on last attempt: Error: connect ECONNREFUSED
143 info retry will retry, error on last attempt: Error: connect ECONNREFUSED
144 info retry will retry, error on last attempt: Error: connect ECONNREFUSED
145 info retry will retry, error on last attempt: Error: connect ECONNREFUSED
146 info retry will retry, error on last attempt: Error: connect ECONNREFUSED
147 info trying registry request attempt 2 at 21:23:17
148 http GET https://registry.npmjs.org/lineman-typescript
149 info retry will retry, error on last attempt: Error: connect ECONNREFUSED
150 info trying registry request attempt 2 at 21:23:17
151 verbose etag "ABN6K2ADVBF2WJD2HWNP1P1T0"
152 http GET https://registry.npmjs.org/coffee-script
153 info trying registry request attempt 2 at 21:23:17
154 verbose etag "B57ZJYWRPXMFJN7KNJMAM20VP"
155 http GET https://registry.npmjs.org/lineman-angular
156 info trying registry request attempt 2 at 21:23:17
157 verbose etag "E4FJZCA4MQGTI332P5R3PUX1H"
158 http GET https://registry.npmjs.org/lineman-less
159 info retry will retry, error on last attempt: Error: connect ECONNREFUSED
160 info trying registry request attempt 2 at 21:23:17
161 verbose etag "72596GEA2SGXG3ZWR7FORHCY5"
162 http GET https://registry.npmjs.org/protractor
163 info retry will retry, error on last attempt: Error: connect ECONNREFUSED
164 info trying registry request attempt 2 at 21:23:17
165 verbose etag "58PIQL7XZWJL5OEPKKWKVQS7Y"
166 http GET https://registry.npmjs.org/jasmine-given
167 info retry will retry, error on last attempt: Error: connect ECONNREFUSED
168 info trying registry request attempt 2 at 21:23:18
169 verbose etag "9YY16V9KSS5X936M1ICUMB0WA"
170 http GET https://registry.npmjs.org/lineman
171 info retry will retry, error on last attempt: Error: connect ECONNREFUSED
172 info retry will retry, error on last attempt: Error: connect ECONNREFUSED
173 info retry will retry, error on last attempt: Error: connect ECONNREFUSED
174 info trying registry request attempt 3 at 21:24:17
175 http GET https://registry.npmjs.org/lineman-typescript
176 info trying registry request attempt 3 at 21:24:17
177 verbose etag "ABN6K2ADVBF2WJD2HWNP1P1T0"
178 http GET https://registry.npmjs.org/coffee-script
179 silly lockFile 6a33a13a-lineman-typescript-0-0-3 lineman-typescript@^0.0.3
180 silly lockFile 6a33a13a-lineman-typescript-0-0-3 lineman-typescript@^0.0.3
181 info trying registry request attempt 3 at 21:24:17
182 verbose etag "B57ZJYWRPXMFJN7KNJMAM20VP"
183 http GET https://registry.npmjs.org/lineman-angular
184 silly registry.get cb [ 304, undefined ]
185 verbose etag https://registry.npmjs.org/coffee-script from cache
186 info trying registry request attempt 3 at 21:24:18
187 verbose etag "E4FJZCA4MQGTI332P5R3PUX1H"
188 http GET https://registry.npmjs.org/lineman-less
189 silly addNameRange number 2 { name: 'coffee-script',
189 silly addNameRange   range: '>=1.6.3-0 <2.0.0-0',
189 silly addNameRange   hasData: true }
190 silly addNameRange versions [ 'coffee-script',
190 silly addNameRange   [ '0.7.0',
190 silly addNameRange     '0.7.1',
190 silly addNameRange     '0.7.2',
190 silly addNameRange     '0.9.0',
190 silly addNameRange     '0.9.1',
190 silly addNameRange     '0.9.2',
190 silly addNameRange     '0.9.3',
190 silly addNameRange     '0.9.4',
190 silly addNameRange     '0.9.5',
190 silly addNameRange     '0.9.6',
190 silly addNameRange     '1.0.0',
190 silly addNameRange     '1.0.1',
190 silly addNameRange     '1.1.0',
190 silly addNameRange     '1.1.1',
190 silly addNameRange     '1.1.2',
190 silly addNameRange     '1.1.3',
190 silly addNameRange     '1.2.0',
190 silly addNameRange     '1.3.0',
190 silly addNameRange     '1.3.1',
190 silly addNameRange     '1.3.2',
190 silly addNameRange     '1.3.3',
190 silly addNameRange     '1.4.0',
190 silly addNameRange     '1.5.0',
190 silly addNameRange     '1.6.0',
190 silly addNameRange     '1.6.1',
190 silly addNameRange     '1.6.2',
190 silly addNameRange     '1.6.3',
190 silly addNameRange     '1.7.0',
190 silly addNameRange     '1.7.1',
190 silly addNameRange     '1.8.0',
190 silly addNameRange     '1.9.0',
190 silly addNameRange     '1.9.1' ] ]
191 verbose addNamed [ 'coffee-script', '1.9.1' ]
192 verbose addNamed [ '1.9.1', '1.9.1' ]
193 silly lockFile 98732453-coffee-script-1-9-1 coffee-script@1.9.1
194 verbose lock coffee-script@1.9.1 /home/fernando/.npm/98732453-coffee-script-1-9-1.lock
195 silly lockFile 98732453-coffee-script-1-9-1 coffee-script@1.9.1
196 silly lockFile 98732453-coffee-script-1-9-1 coffee-script@1.9.1
197 info trying registry request attempt 3 at 21:24:18
198 verbose etag "72596GEA2SGXG3ZWR7FORHCY5"
199 http GET https://registry.npmjs.org/protractor
200 silly lockFile 6789f477-coffee-script-1-6-3 coffee-script@^1.6.3
201 silly lockFile 6789f477-coffee-script-1-6-3 coffee-script@^1.6.3
202 silly registry.get cb [ 304, undefined ]
203 verbose etag https://registry.npmjs.org/lineman-angular from cache
204 silly addNameRange number 2 { name: 'lineman-angular',
204 silly addNameRange   range: '>=0.3.0-0 <0.4.0-0',
204 silly addNameRange   hasData: true }
205 silly addNameRange versions [ 'lineman-angular',
205 silly addNameRange   [ '0.0.1',
205 silly addNameRange     '0.0.2',
205 silly addNameRange     '0.0.3',
205 silly addNameRange     '0.1.0',
205 silly addNameRange     '0.1.1',
205 silly addNameRange     '0.1.2',
205 silly addNameRange     '0.1.3',
205 silly addNameRange     '0.2.0',
205 silly addNameRange     '0.3.0' ] ]
206 verbose addNamed [ 'lineman-angular', '0.3.0' ]
207 verbose addNamed [ '0.3.0', '0.3.0' ]
208 silly lockFile fe4ba491-lineman-angular-0-3-0 lineman-angular@0.3.0
209 verbose lock lineman-angular@0.3.0 /home/fernando/.npm/fe4ba491-lineman-angular-0-3-0.lock
210 info trying registry request attempt 3 at 21:24:18
211 verbose etag "58PIQL7XZWJL5OEPKKWKVQS7Y"
212 http GET https://registry.npmjs.org/jasmine-given
213 silly registry.get cb [ 304, undefined ]
214 verbose etag https://registry.npmjs.org/lineman-less from cache
215 silly lockFile fe4ba491-lineman-angular-0-3-0 lineman-angular@0.3.0
216 silly lockFile fe4ba491-lineman-angular-0-3-0 lineman-angular@0.3.0
217 silly lockFile 767efc48-lineman-less-0-0-1 lineman-less@0.0.1
218 silly lockFile 767efc48-lineman-less-0-0-1 lineman-less@0.0.1
219 silly lockFile 52e6a8b6-lineman-angular-0-3-0 lineman-angular@^0.3.0
220 silly lockFile 52e6a8b6-lineman-angular-0-3-0 lineman-angular@^0.3.0
221 info trying registry request attempt 3 at 21:24:18
222 verbose etag "9YY16V9KSS5X936M1ICUMB0WA"
223 http GET https://registry.npmjs.org/lineman
224 silly registry.get cb [ 304, undefined ]
225 verbose etag https://registry.npmjs.org/protractor from cache
226 silly addNameRange number 2 { name: 'protractor',
226 silly addNameRange   range: '>=1.4.0-0 <2.0.0-0',
226 silly addNameRange   hasData: true }
227 silly addNameRange versions [ 'protractor',
227 silly addNameRange   [ '0.1.0',
227 silly addNameRange     '0.1.1',
227 silly addNameRange     '0.1.2',
227 silly addNameRange     '0.1.3',
227 silly addNameRange     '0.2.0',
227 silly addNameRange     '0.2.1',
227 silly addNameRange     '0.3.0',
227 silly addNameRange     '0.4.0',
227 silly addNameRange     '0.4.1',
227 silly addNameRange     '0.5.0',
227 silly addNameRange     '0.6.1',
227 silly addNameRange     '0.7.0',
227 silly addNameRange     '0.8.0',
227 silly addNameRange     '0.9.0',
227 silly addNameRange     '0.10.0',
227 silly addNameRange     '0.11.0',
227 silly addNameRange     '0.12.0',
227 silly addNameRange     '0.12.1',
227 silly addNameRange     '0.13.0',
227 silly addNameRange     '0.14.0',
227 silly addNameRange     '0.15.0',
227 silly addNameRange     '0.16.0',
227 silly addNameRange     '0.16.1',
227 silly addNameRange     '0.17.0',
227 silly addNameRange     '0.18.0',
227 silly addNameRange     '0.18.1',
227 silly addNameRange     '0.19.0',
227 silly addNameRange     '0.20.0',
227 silly addNameRange     '0.20.1',
227 silly addNameRange     '0.21.0',
227 silly addNameRange     '0.22.0',
227 silly addNameRange     '0.23.0',
227 silly addNameRange     '0.23.1',
227 silly addNameRange     '0.24.0',
227 silly addNameRange     '0.24.1',
227 silly addNameRange     '0.24.2',
227 silly addNameRange     '1.0.0-rc1',
227 silly addNameRange     '1.0.0-rc2',
227 silly addNameRange     '1.0.0-rc3',
227 silly addNameRange     '1.0.0-rc4',
227 silly addNameRange     '1.0.0-rc5',
227 silly addNameRange     '1.0.0-rc6',
227 silly addNameRange     '1.0.0',
227 silly addNameRange     '1.1.0',
227 silly addNameRange     '1.1.1',
227 silly addNameRange     '1.2.0-beta1',
227 silly addNameRange     '1.2.0',
227 silly addNameRange     '1.3.0',
227 silly addNameRange     '1.3.1',
227 silly addNameRange     '1.4.0',
227 silly addNameRange     '1.5.0',
227 silly addNameRange     '1.6.0',
227 silly addNameRange     '1.6.1',
227 silly addNameRange     '1.7.0',
227 silly addNameRange     '1.8.0' ] ]
228 verbose addNamed [ 'protractor', '1.8.0' ]
229 verbose addNamed [ '1.8.0', '1.8.0' ]
230 silly lockFile 260d3e9d-protractor-1-8-0 protractor@1.8.0
231 verbose lock protractor@1.8.0 /home/fernando/.npm/260d3e9d-protractor-1-8-0.lock
232 silly lockFile 260d3e9d-protractor-1-8-0 protractor@1.8.0
233 silly lockFile 260d3e9d-protractor-1-8-0 protractor@1.8.0
234 silly lockFile b9e4fa07-protractor-1-4-0 protractor@^1.4.0
235 silly lockFile b9e4fa07-protractor-1-4-0 protractor@^1.4.0
236 silly registry.get cb [ 304, undefined ]
237 verbose etag https://registry.npmjs.org/jasmine-given from cache
238 silly addNameRange number 2 { name: 'jasmine-given',
238 silly addNameRange   range: '>=2.6.2-0 <3.0.0-0',
238 silly addNameRange   hasData: true }
239 silly addNameRange versions [ 'jasmine-given',
239 silly addNameRange   [ '2.1.0',
239 silly addNameRange     '2.2.0',
239 silly addNameRange     '2.3.0',
239 silly addNameRange     '2.4.0',
239 silly addNameRange     '2.5.0',
239 silly addNameRange     '2.5.1',
239 silly addNameRange     '2.6.0',
239 silly addNameRange     '2.6.2' ] ]
240 verbose addNamed [ 'jasmine-given', '2.6.2' ]
241 verbose addNamed [ '2.6.2', '2.6.2' ]
242 silly lockFile 04f3c952-jasmine-given-2-6-2 jasmine-given@2.6.2
243 verbose lock jasmine-given@2.6.2 /home/fernando/.npm/04f3c952-jasmine-given-2-6-2.lock
244 silly lockFile 04f3c952-jasmine-given-2-6-2 jasmine-given@2.6.2
245 silly lockFile 04f3c952-jasmine-given-2-6-2 jasmine-given@2.6.2
246 silly lockFile 626223c9-jasmine-given-2-6-2 jasmine-given@^2.6.2
247 silly lockFile 626223c9-jasmine-given-2-6-2 jasmine-given@^2.6.2
248 silly registry.get cb [ 304, undefined ]
249 verbose etag https://registry.npmjs.org/lineman from cache
250 silly addNameRange number 2 { name: 'lineman', range: '>=0.34.0-0 <0.35.0-0', hasData: true }
251 silly addNameRange versions [ 'lineman',
251 silly addNameRange   [ '0.0.1',
251 silly addNameRange     '0.0.2',
251 silly addNameRange     '0.0.3',
251 silly addNameRange     '0.0.4',
251 silly addNameRange     '0.0.5',
251 silly addNameRange     '0.1.0',
251 silly addNameRange     '0.1.1',
251 silly addNameRange     '0.1.2',
251 silly addNameRange     '0.1.3',
251 silly addNameRange     '0.1.4',
251 silly addNameRange     '0.1.5',
251 silly addNameRange     '0.1.6',
251 silly addNameRange     '0.1.7',
251 silly addNameRange     '0.1.8',
251 silly addNameRange     '0.1.9',
251 silly addNameRange     '0.2.0',
251 silly addNameRange     '0.2.1',
251 silly addNameRange     '0.2.2',
251 silly addNameRange     '0.2.3',
251 silly addNameRange     '0.2.4',
251 silly addNameRange     '0.3.0',
251 silly addNameRange     '0.3.1',
251 silly addNameRange     '0.3.2',
251 silly addNameRange     '0.4.0',
251 silly addNameRange     '0.4.1',
251 silly addNameRange     '0.4.2',
251 silly addNameRange     '0.4.3',
251 silly addNameRange     '0.4.4',
251 silly addNameRange     '0.4.5',
251 silly addNameRange     '0.4.6',
251 silly addNameRange     '0.4.7',
251 silly addNameRange     '0.4.8',
251 silly addNameRange     '0.4.9',
251 silly addNameRange     '0.4.10',
251 silly addNameRange     '0.4.11',
251 silly addNameRange     '0.5.0',
251 silly addNameRange     '0.5.1',
251 silly addNameRange     '0.5.2',
251 silly addNameRange     '0.6.0',
251 silly addNameRange     '0.6.1',
251 silly addNameRange     '0.6.2',
251 silly addNameRange     '0.6.3',
251 silly addNameRange     '0.6.4',
251 silly addNameRange     '0.6.5',
251 silly addNameRange     '0.6.6',
251 silly addNameRange     '0.7.0',
251 silly addNameRange     '0.7.1',
251 silly addNameRange     '0.8.0',
251 silly addNameRange     '0.8.1',
251 silly addNameRange     '0.8.2',
251 silly addNameRange     '0.8.3',
251 silly addNameRange     '0.8.4',
251 silly addNameRange     '0.9.0',
251 silly addNameRange     '0.10.0',
251 silly addNameRange     '0.10.1',
251 silly addNameRange     '0.11.0',
251 silly addNameRange     '0.11.1',
251 silly addNameRange     '0.11.2',
251 silly addNameRange     '0.11.3',
251 silly addNameRange     '0.11.4',
251 silly addNameRange     '0.11.5',
251 silly addNameRange     '0.11.6',
251 silly addNameRange     '0.12.0',
251 silly addNameRange     '0.12.1',
251 silly addNameRange     '0.12.2',
251 silly addNameRange     '0.12.3',
251 silly addNameRange     '0.12.4',
251 silly addNameRange     '0.12.5',
251 silly addNameRange     '0.13.0',
251 silly addNameRange     '0.13.1',
251 silly addNameRange     '0.14.0',
251 silly addNameRange     '0.14.1',
251 silly addNameRange     '0.14.2',
251 silly addNameRange     '0.14.3',
251 silly addNameRange     '0.14.4',
251 silly addNameRange     '0.15.0-beta1',
251 silly addNameRange     '0.14.5',
251 silly addNameRange     '0.15.0-beta2',
251 silly addNameRange     '0.15.0',
251 silly addNameRange     '0.15.1',
251 silly addNameRange     '0.16.0',
251 silly addNameRange     '0.16.1',
251 silly addNameRange     '0.17.0',
251 silly addNameRange     '0.18.0',
251 silly addNameRange     '0.18.1',
251 silly addNameRange     '0.18.2',
251 silly addNameRange     '0.18.3',
251 silly addNameRange     '0.19.0',
251 silly addNameRange     '0.19.1',
251 silly addNameRange     '0.19.2',
251 silly addNameRange     '0.19.3',
251 silly addNameRange     '0.19.4',
251 silly addNameRange     '0.20.0',
251 silly addNameRange     '0.21.0',
251 silly addNameRange     '0.21.1',
251 silly addNameRange     '0.21.2',
251 silly addNameRange     '0.21.3',
251 silly addNameRange     '0.22.0',
251 silly addNameRange     '0.23.0',
251 silly addNameRange     '0.23.1',
251 silly addNameRange     '0.23.2',
251 silly addNameRange     '0.23.3',
251 silly addNameRange     '0.24.0',
251 silly addNameRange     '0.24.1',
251 silly addNameRange     '0.24.2',
251 silly addNameRange     '0.24.3',
251 silly addNameRange     '0.24.4',
251 silly addNameRange     '0.24.5',
251 silly addNameRange     '0.24.7',
251 silly addNameRange     '0.24.8',
251 silly addNameRange     '0.24.9',
251 silly addNameRange     '0.24.10',
251 silly addNameRange     '0.25.0',
251 silly addNameRange     '0.26.0',
251 silly addNameRange     '0.27.0',
251 silly addNameRange     '0.27.1',
251 silly addNameRange     '0.27.2',
251 silly addNameRange     '0.28.0',
251 silly addNameRange     '0.28.1',
251 silly addNameRange     '0.28.2',
251 silly addNameRange     '0.28.3',
251 silly addNameRange     '0.29.0',
251 silly addNameRange     '0.29.1',
251 silly addNameRange     '0.29.2',
251 silly addNameRange     '0.29.3',
251 silly addNameRange     '0.30.0',
251 silly addNameRange     '0.31.0',
251 silly addNameRange     '0.32.0',
251 silly addNameRange     '0.32.1',
251 silly addNameRange     '0.32.2',
251 silly addNameRange     '0.33.0',
251 silly addNameRange     '0.33.1',
251 silly addNameRange     '0.33.2',
251 silly addNameRange     '0.33.3',
251 silly addNameRange     '0.33.4',
251 silly addNameRange     '0.33.5',
251 silly addNameRange     '0.34.0',
251 silly addNameRange     '0.34.1',
251 silly addNameRange     '0.34.2',
251 silly addNameRange     '0.34.3',
251 silly addNameRange     '0.34.4' ] ]
252 verbose addNamed [ 'lineman', '0.34.4' ]
253 verbose addNamed [ '0.34.4', '0.34.4' ]
254 silly lockFile 79a0c2dd-lineman-0-34-4 lineman@0.34.4
255 verbose lock lineman@0.34.4 /home/fernando/.npm/79a0c2dd-lineman-0-34-4.lock
256 silly lockFile 79a0c2dd-lineman-0-34-4 lineman@0.34.4
257 silly lockFile 79a0c2dd-lineman-0-34-4 lineman@0.34.4
258 silly lockFile d061aa11-lineman-0-34-0 lineman@^0.34.0
259 silly lockFile d061aa11-lineman-0-34-0 lineman@^0.34.0
260 error Error: connect ECONNREFUSED
260 error     at errnoException (net.js:905:11)
260 error     at Object.afterConnect [as oncomplete] (net.js:896:19)
260 error  { [Error: connect ECONNREFUSED]
260 error   code: 'ECONNREFUSED',
260 error   errno: 'ECONNREFUSED',
260 error   syscall: 'connect',
260 error   parent: 'lineman-angular-typescript-template' }
261 error If you are behind a proxy, please make sure that the
261 error 'proxy' config is set properly.  See: 'npm help config'
262 error System Linux 3.13.0-37-generic
263 error command "/home/fernando/.nvm/v0.10.36/bin/node" "/home/fernando/.nvm/v0.10.36/bin/npm" "install"
264 error cwd /home/fernando/Documentos/Projetos/Web/lineman-angular-typescript
265 error node -v v0.10.36
266 error npm -v 1.4.28
267 error syscall connect
268 error code ECONNREFUSED
269 error errno ECONNREFUSED
270 error stack Error: connect ECONNREFUSED
270 error stack     at errnoException (net.js:905:11)
270 error stack     at Object.afterConnect [as oncomplete] (net.js:896:19)
271 verbose exit [ 1, true ]
